<?xml version="1.0" encoding="UTF-8"?>
<!-- Generated by org.testng.reporters.JUnitXMLReporter -->
<testsuite ignored="0" hostname="RonsLaptop" failures="0" tests="21" name="Test" time="56.131" errors="0" timestamp="2022-05-24T13:41:06 IDT">
  <testcase classname="tests.log_test" name="@BeforeMethod beforeMethod" time="12.173">
    <failure type="org.openqa.selenium.WebDriverException" message="chrome not reachable
  (Session info: chrome=101.0.4951.67)
Build info: version: &amp;apos;3.141.59&amp;apos;, revision: &amp;apos;e82be7d358&amp;apos;, time: &amp;apos;2018-11-14T08:25:48&amp;apos;
System info: host: &amp;apos;RONSLAPTOP&amp;apos;, ip: &amp;apos;192.168.1.13&amp;apos;, os.name: &amp;apos;Windows 10&amp;apos;, os.arch: &amp;apos;amd64&amp;apos;, os.version: &amp;apos;10.0&amp;apos;, java.version: &amp;apos;11.0.9&amp;apos;
Driver info: org.openqa.selenium.chrome.ChromeDriver
Capabilities {acceptInsecureCerts: false, browserName: chrome, browserVersion: 101.0.4951.67, chrome: {chromedriverVersion: 101.0.4951.41 (93c720db8323..., userDataDir: C:\Users\ronjg\AppData\Loca...}, goog:chromeOptions: {debuggerAddress: localhost:50024}, javascriptEnabled: true, networkConnectionEnabled: false, pageLoadStrategy: normal, platform: WINDOWS, platformName: WINDOWS, proxy: Proxy(), setWindowRect: true, strictFileInteractability: false, timeouts: {implicit: 0, pageLoad: 300000, script: 30000}, unhandledPromptBehavior: dismiss and notify, webauthn:extension:credBlob: true, webauthn:extension:largeBlob: true, webauthn:virtualAuthenticators: true}
Session ID: d45ec44444bce4d18b82a3e41a0de71a">
      <![CDATA[org.openqa.selenium.WebDriverException: chrome not reachable
  (Session info: chrome=101.0.4951.67)
Build info: version: '3.141.59', revision: 'e82be7d358', time: '2018-11-14T08:25:48'
System info: host: 'RONSLAPTOP', ip: '192.168.1.13', os.name: 'Windows 10', os.arch: 'amd64', os.version: '10.0', java.version: '11.0.9'
Driver info: org.openqa.selenium.chrome.ChromeDriver
Capabilities {acceptInsecureCerts: false, browserName: chrome, browserVersion: 101.0.4951.67, chrome: {chromedriverVersion: 101.0.4951.41 (93c720db8323..., userDataDir: C:\Users\ronjg\AppData\Loca...}, goog:chromeOptions: {debuggerAddress: localhost:50024}, javascriptEnabled: true, networkConnectionEnabled: false, pageLoadStrategy: normal, platform: WINDOWS, platformName: WINDOWS, proxy: Proxy(), setWindowRect: true, strictFileInteractability: false, timeouts: {implicit: 0, pageLoad: 300000, script: 30000}, unhandledPromptBehavior: dismiss and notify, webauthn:extension:credBlob: true, webauthn:extension:largeBlob: true, webauthn:virtualAuthenticators: true}
Session ID: d45ec44444bce4d18b82a3e41a0de71a
at org.openqa.selenium.remote.http.W3CHttpResponseCodec.createException(W3CHttpResponseCodec.java:187)
at org.openqa.selenium.remote.http.W3CHttpResponseCodec.decode(W3CHttpResponseCodec.java:122)
at org.openqa.selenium.remote.http.W3CHttpResponseCodec.decode(W3CHttpResponseCodec.java:49)
at org.openqa.selenium.remote.HttpCommandExecutor.execute(HttpCommandExecutor.java:158)
at org.openqa.selenium.remote.service.DriverCommandExecutor.execute(DriverCommandExecutor.java:83)
at org.openqa.selenium.remote.RemoteWebDriver.execute(RemoteWebDriver.java:552)
at org.openqa.selenium.remote.RemoteWebDriver.get(RemoteWebDriver.java:277)
at pages.basepage.open(basepage.java:19)
at tests.log_test.beforeMethod(log_test.java:100)
at java.base/java.util.ArrayList.forEach(ArrayList.java:1541)
... Removed 35 stack frames]]>
    </failure>
  </testcase> <!-- @BeforeMethod beforeMethod -->
  <testcase classname="tests.log_test" name="@AfterMethod afterMethod" time="-1.653388854653E9">
    <skipped/>
  </testcase> <!-- @AfterMethod afterMethod -->
  <testcase classname="tests.log_test" name="@BeforeMethod beforeMethod" time="-1.653388854654E9">
    <skipped/>
  </testcase> <!-- @BeforeMethod beforeMethod -->
  <testcase classname="tests.log_test" name="@AfterMethod afterMethod" time="-1.653388854657E9">
    <skipped/>
  </testcase> <!-- @AfterMethod afterMethod -->
  <testcase classname="tests.log_test" name="@AfterClass afterClass" time="-1.653388854658E9">
    <skipped/>
  </testcase> <!-- @AfterClass afterClass -->
  <testcase classname="tests.lnk_test" name="@BeforeMethod beforeMethod" time="12.224">
    <failure type="org.openqa.selenium.WebDriverException" message="chrome not reachable
  (Session info: chrome=101.0.4951.67)
Build info: version: &amp;apos;3.141.59&amp;apos;, revision: &amp;apos;e82be7d358&amp;apos;, time: &amp;apos;2018-11-14T08:25:48&amp;apos;
System info: host: &amp;apos;RONSLAPTOP&amp;apos;, ip: &amp;apos;192.168.1.13&amp;apos;, os.name: &amp;apos;Windows 10&amp;apos;, os.arch: &amp;apos;amd64&amp;apos;, os.version: &amp;apos;10.0&amp;apos;, java.version: &amp;apos;11.0.9&amp;apos;
Driver info: org.openqa.selenium.chrome.ChromeDriver
Capabilities {acceptInsecureCerts: false, browserName: chrome, browserVersion: 101.0.4951.67, chrome: {chromedriverVersion: 101.0.4951.41 (93c720db8323..., userDataDir: C:\Users\ronjg\AppData\Loca...}, goog:chromeOptions: {debuggerAddress: localhost:50046}, javascriptEnabled: true, networkConnectionEnabled: false, pageLoadStrategy: normal, platform: WINDOWS, platformName: WINDOWS, proxy: Proxy(), setWindowRect: true, strictFileInteractability: false, timeouts: {implicit: 0, pageLoad: 300000, script: 30000}, unhandledPromptBehavior: dismiss and notify, webauthn:extension:credBlob: true, webauthn:extension:largeBlob: true, webauthn:virtualAuthenticators: true}
Session ID: 32ad5aa696e5aaf696236c33c3df1835">
      <![CDATA[org.openqa.selenium.WebDriverException: chrome not reachable
  (Session info: chrome=101.0.4951.67)
Build info: version: '3.141.59', revision: 'e82be7d358', time: '2018-11-14T08:25:48'
System info: host: 'RONSLAPTOP', ip: '192.168.1.13', os.name: 'Windows 10', os.arch: 'amd64', os.version: '10.0', java.version: '11.0.9'
Driver info: org.openqa.selenium.chrome.ChromeDriver
Capabilities {acceptInsecureCerts: false, browserName: chrome, browserVersion: 101.0.4951.67, chrome: {chromedriverVersion: 101.0.4951.41 (93c720db8323..., userDataDir: C:\Users\ronjg\AppData\Loca...}, goog:chromeOptions: {debuggerAddress: localhost:50046}, javascriptEnabled: true, networkConnectionEnabled: false, pageLoadStrategy: normal, platform: WINDOWS, platformName: WINDOWS, proxy: Proxy(), setWindowRect: true, strictFileInteractability: false, timeouts: {implicit: 0, pageLoad: 300000, script: 30000}, unhandledPromptBehavior: dismiss and notify, webauthn:extension:credBlob: true, webauthn:extension:largeBlob: true, webauthn:virtualAuthenticators: true}
Session ID: 32ad5aa696e5aaf696236c33c3df1835
at org.openqa.selenium.remote.http.W3CHttpResponseCodec.createException(W3CHttpResponseCodec.java:187)
at org.openqa.selenium.remote.http.W3CHttpResponseCodec.decode(W3CHttpResponseCodec.java:122)
at org.openqa.selenium.remote.http.W3CHttpResponseCodec.decode(W3CHttpResponseCodec.java:49)
at org.openqa.selenium.remote.HttpCommandExecutor.execute(HttpCommandExecutor.java:158)
at org.openqa.selenium.remote.service.DriverCommandExecutor.execute(DriverCommandExecutor.java:83)
at org.openqa.selenium.remote.RemoteWebDriver.execute(RemoteWebDriver.java:552)
at org.openqa.selenium.remote.RemoteWebDriver.get(RemoteWebDriver.java:277)
at pages.basepage.open(basepage.java:19)
at tests.lnk_test.beforeMethod(lnk_test.java:50)
at java.base/java.util.ArrayList.forEach(ArrayList.java:1541)
... Removed 35 stack frames]]>
    </failure>
  </testcase> <!-- @BeforeMethod beforeMethod -->
  <testcase classname="tests.lnk_test" name="@AfterMethod afterMethod" time="-1.653388866891E9">
    <skipped/>
  </testcase> <!-- @AfterMethod afterMethod -->
  <testcase classname="tests.lnk_test" name="@BeforeMethod beforeMethod" time="-1.653388866892E9">
    <skipped/>
  </testcase> <!-- @BeforeMethod beforeMethod -->
  <testcase classname="tests.lnk_test" name="@AfterMethod afterMethod" time="-1.653388866896E9">
    <skipped/>
  </testcase> <!-- @AfterMethod afterMethod -->
  <testcase classname="tests.lnk_test" name="@BeforeMethod beforeMethod" time="-1.653388866897E9">
    <skipped/>
  </testcase> <!-- @BeforeMethod beforeMethod -->
  <testcase classname="tests.lnk_test" name="@AfterMethod afterMethod" time="-1.6533888669E9">
    <skipped/>
  </testcase> <!-- @AfterMethod afterMethod -->
  <testcase classname="tests.lnk_test" name="@BeforeMethod beforeMethod" time="-1.653388866901E9">
    <skipped/>
  </testcase> <!-- @BeforeMethod beforeMethod -->
  <testcase classname="tests.lnk_test" name="@AfterMethod afterMethod" time="-1.653388866905E9">
    <skipped/>
  </testcase> <!-- @AfterMethod afterMethod -->
  <testcase classname="tests.lnk_test" name="@BeforeMethod beforeMethod" time="-1.653388866905E9">
    <skipped/>
  </testcase> <!-- @BeforeMethod beforeMethod -->
  <testcase classname="tests.lnk_test" name="@AfterMethod afterMethod" time="-1.653388866908E9">
    <skipped/>
  </testcase> <!-- @AfterMethod afterMethod -->
  <testcase classname="tests.lnk_test" name="@BeforeMethod beforeMethod" time="-1.653388866909E9">
    <skipped/>
  </testcase> <!-- @BeforeMethod beforeMethod -->
  <testcase classname="tests.lnk_test" name="@AfterMethod afterMethod" time="-1.653388866912E9">
    <skipped/>
  </testcase> <!-- @AfterMethod afterMethod -->
  <testcase classname="tests.lnk_test" name="@BeforeMethod beforeMethod" time="-1.653388866913E9">
    <skipped/>
  </testcase> <!-- @BeforeMethod beforeMethod -->
  <testcase classname="tests.lnk_test" name="@AfterMethod afterMethod" time="-1.653388866916E9">
    <skipped/>
  </testcase> <!-- @AfterMethod afterMethod -->
  <testcase classname="tests.lnk_test" name="@BeforeMethod beforeMethod" time="-1.653388866917E9">
    <skipped/>
  </testcase> <!-- @BeforeMethod beforeMethod -->
  <testcase classname="tests.lnk_test" name="@AfterMethod afterMethod" time="-1.653388866919E9">
    <skipped/>
  </testcase> <!-- @AfterMethod afterMethod -->
  <testcase classname="tests.lnk_test" name="@BeforeMethod beforeMethod" time="-1.653388866919E9">
    <skipped/>
  </testcase> <!-- @BeforeMethod beforeMethod -->
  <testcase classname="tests.lnk_test" name="@AfterMethod afterMethod" time="-1.653388866921E9">
    <skipped/>
  </testcase> <!-- @AfterMethod afterMethod -->
  <testcase classname="tests.lnk_test" name="@BeforeMethod beforeMethod" time="-1.653388866922E9">
    <skipped/>
  </testcase> <!-- @BeforeMethod beforeMethod -->
  <testcase classname="tests.lnk_test" name="@AfterMethod afterMethod" time="-1.653388866924E9">
    <skipped/>
  </testcase> <!-- @AfterMethod afterMethod -->
  <testcase classname="tests.lnk_test" name="@BeforeMethod beforeMethod" time="-1.653388866924E9">
    <skipped/>
  </testcase> <!-- @BeforeMethod beforeMethod -->
  <testcase classname="tests.lnk_test" name="@AfterMethod afterMethod" time="-1.653388866927E9">
    <skipped/>
  </testcase> <!-- @AfterMethod afterMethod -->
  <testcase classname="tests.lnk_test" name="@BeforeMethod beforeMethod" time="-1.653388866928E9">
    <skipped/>
  </testcase> <!-- @BeforeMethod beforeMethod -->
  <testcase classname="tests.lnk_test" name="@AfterMethod afterMethod" time="-1.65338886693E9">
    <skipped/>
  </testcase> <!-- @AfterMethod afterMethod -->
  <testcase classname="tests.lnk_test" name="@BeforeMethod beforeMethod" time="-1.653388866932E9">
    <skipped/>
  </testcase> <!-- @BeforeMethod beforeMethod -->
  <testcase classname="tests.lnk_test" name="@AfterMethod afterMethod" time="-1.653388866934E9">
    <skipped/>
  </testcase> <!-- @AfterMethod afterMethod -->
  <testcase classname="tests.lnk_test" name="@BeforeMethod beforeMethod" time="-1.653388866934E9">
    <skipped/>
  </testcase> <!-- @BeforeMethod beforeMethod -->
  <testcase classname="tests.lnk_test" name="@AfterMethod afterMethod" time="-1.653388866936E9">
    <skipped/>
  </testcase> <!-- @AfterMethod afterMethod -->
  <testcase classname="tests.lnk_test" name="@BeforeMethod beforeMethod" time="-1.653388866937E9">
    <skipped/>
  </testcase> <!-- @BeforeMethod beforeMethod -->
  <testcase classname="tests.lnk_test" name="@AfterMethod afterMethod" time="-1.653388866938E9">
    <skipped/>
  </testcase> <!-- @AfterMethod afterMethod -->
  <testcase classname="tests.lnk_test" name="@BeforeMethod beforeMethod" time="-1.653388866939E9">
    <skipped/>
  </testcase> <!-- @BeforeMethod beforeMethod -->
  <testcase classname="tests.lnk_test" name="@AfterMethod afterMethod" time="-1.653388866941E9">
    <skipped/>
  </testcase> <!-- @AfterMethod afterMethod -->
  <testcase classname="tests.lnk_test" name="@BeforeMethod beforeMethod" time="-1.653388866941E9">
    <skipped/>
  </testcase> <!-- @BeforeMethod beforeMethod -->
  <testcase classname="tests.lnk_test" name="@AfterMethod afterMethod" time="-1.653388866944E9">
    <skipped/>
  </testcase> <!-- @AfterMethod afterMethod -->
  <testcase classname="tests.lnk_test" name="@AfterClass afterClass" time="-1.653388866944E9">
    <skipped/>
  </testcase> <!-- @AfterClass afterClass -->
  <testcase classname="tests.lnk_test" name="@AfterTest afterTest" time="-1.653388866945E9">
    <skipped/>
  </testcase> <!-- @AfterTest afterTest -->
  <testcase classname="tests.log_test" name="@AfterTest afterTest" time="-1.653388866946E9">
    <skipped/>
  </testcase> <!-- @AfterTest afterTest -->
  <testcase classname="tests.log_test" name="correct_information" time="10.55"/>
  <testcase classname="tests.log_test" name="password_only" time="20.44"/>
  <testcase classname="tests.log_test" name="wrong_data" time="0.0">
    <skipped/>
  </testcase> <!-- wrong_data -->
  <testcase classname="tests.log_test" name="wrong_data" time="0.0">
    <skipped/>
  </testcase> <!-- wrong_data -->
  <testcase classname="tests.lnk_test" name="animal_link" time="0.0">
    <skipped/>
  </testcase> <!-- animal_link -->
  <testcase classname="tests.lnk_test" name="animal_link" time="0.0">
    <skipped/>
  </testcase> <!-- animal_link -->
  <testcase classname="tests.lnk_test" name="animal_link" time="0.0">
    <skipped/>
  </testcase> <!-- animal_link -->
  <testcase classname="tests.lnk_test" name="animal_link" time="0.0">
    <skipped/>
  </testcase> <!-- animal_link -->
  <testcase classname="tests.lnk_test" name="animal_link" time="0.0">
    <skipped/>
  </testcase> <!-- animal_link -->
  <testcase classname="tests.lnk_test" name="animal_link" time="0.0">
    <skipped/>
  </testcase> <!-- animal_link -->
  <testcase classname="tests.lnk_test" name="animal_link" time="0.0">
    <skipped/>
  </testcase> <!-- animal_link -->
  <testcase classname="tests.lnk_test" name="animal_link" time="0.0">
    <skipped/>
  </testcase> <!-- animal_link -->
  <testcase classname="tests.lnk_test" name="animal_link" time="0.0">
    <skipped/>
  </testcase> <!-- animal_link -->
  <testcase classname="tests.lnk_test" name="animal_link" time="0.0">
    <skipped/>
  </testcase> <!-- animal_link -->
  <testcase classname="tests.lnk_test" name="animal_link" time="0.0">
    <skipped/>
  </testcase> <!-- animal_link -->
  <testcase classname="tests.lnk_test" name="animal_link" time="0.0">
    <skipped/>
  </testcase> <!-- animal_link -->
  <testcase classname="tests.lnk_test" name="animal_link" time="0.0">
    <skipped/>
  </testcase> <!-- animal_link -->
  <testcase classname="tests.lnk_test" name="animal_link" time="0.0">
    <skipped/>
  </testcase> <!-- animal_link -->
  <testcase classname="tests.lnk_test" name="animal_link" time="0.0">
    <skipped/>
  </testcase> <!-- animal_link -->
  <testcase classname="tests.lnk_test" name="animal_link" time="0.0">
    <skipped/>
  </testcase> <!-- animal_link -->
  <testcase classname="tests.lnk_test" name="animal_link" time="0.0">
    <skipped/>
  </testcase> <!-- animal_link -->
</testsuite> <!-- Test -->
